\BOOKMARK [1][-]{section.1}{\376\377\000L\000a\000\040\000B\000u\000s\000i\000n\000e\000s\000s\000\040\000I\000n\000t\000e\000l\000l\000i\000g\000e\000n\000c\000e}{}% 1
\BOOKMARK [2][-]{subsection.1.1}{\376\377\000L\000a\000\040\000p\000i\000r\000a\000m\000i\000d\000e\000\040\000d\000e\000l\000l\000a\000\040\000B\000I}{section.1}% 2
\BOOKMARK [1][-]{section.2}{\376\377\000I\000l\000\040\000D\000a\000t\000a\000\040\000W\000a\000r\000e\000h\000o\000u\000s\000i\000n\000g}{}% 3
\BOOKMARK [2][-]{subsection.2.1}{\376\377\000C\000a\000r\000a\000t\000t\000e\000r\000i\000s\000t\000i\000c\000h\000e\000\040\000d\000e\000l\000\040\000p\000r\000o\000c\000e\000s\000s\000o\000\040\000d\000i\000\040\000D\000a\000t\000a\000\040\000W\000a\000r\000e\000h\000o\000s\000u\000i\000n\000g}{section.2}% 4
\BOOKMARK [1][-]{section.3}{\376\377\000I\000l\000\040\000D\000a\000t\000a\000\040\000W\000e\000r\000a\000h\000o\000u\000s\000e}{}% 5
\BOOKMARK [2][-]{subsection.3.1}{\376\377\000A\000r\000c\000h\000i\000t\000e\000t\000t\000u\000r\000e\000\040\000d\000i\000\040\000D\000a\000t\000a\000\040\000W\000e\000r\000a\000h\000o\000u\000s\000e}{section.3}% 6
\BOOKMARK [3][-]{subsubsection.3.1.1}{\376\377\000I\000\040\000r\000e\000q\000u\000i\000s\000i\000t\000i}{subsection.3.1}% 7
\BOOKMARK [3][-]{subsubsection.3.1.2}{\376\377\000C\000l\000a\000s\000s\000i\000f\000i\000c\000a\000z\000i\000o\000n\000e}{subsection.3.1}% 8
\BOOKMARK [3][-]{subsubsection.3.1.3}{\376\377\000F\000a\000t\000t\000o\000r\000i\000\040\000d\000i\000\040\000s\000c\000e\000l\000t\000a\000\040\000d\000e\000l\000l\000'\000a\000r\000c\000h\000i\000t\000e\000t\000t\000u\000r\000a}{subsection.3.1}% 9
\BOOKMARK [1][-]{section.4}{\376\377\000E\000T\000L}{}% 10
\BOOKMARK [2][-]{subsection.4.1}{\376\377\000E\000s\000t\000r\000a\000z\000i\000o\000n\000e}{section.4}% 11
\BOOKMARK [2][-]{subsection.4.2}{\376\377\000P\000u\000l\000i\000t\000u\000r\000a}{section.4}% 12
\BOOKMARK [2][-]{subsection.4.3}{\376\377\000T\000r\000a\000s\000f\000o\000r\000m\000a\000z\000i\000o\000n\000e}{section.4}% 13
\BOOKMARK [2][-]{subsection.4.4}{\376\377\000C\000a\000r\000i\000c\000a\000m\000e\000n\000t\000o}{section.4}% 14
\BOOKMARK [1][-]{section.5}{\376\377\000I\000l\000\040\000m\000o\000d\000e\000l\000l\000o\000\040\000m\000u\000l\000t\000i\000d\000i\000m\000e\000n\000s\000i\000o\000n\000a\000l\000e}{}% 15
\BOOKMARK [2][-]{subsection.5.1}{\376\377\000A\000n\000a\000l\000i\000s\000i\000\040\000d\000e\000i\000\040\000d\000a\000t\000i}{section.5}% 16
\BOOKMARK [3][-]{subsubsection.5.1.1}{\376\377\000G\000l\000i\000\040\000o\000p\000e\000r\000a\000t\000o\000r\000i\000\040\000O\000L\000A\000P}{subsection.5.1}% 17
\BOOKMARK [2][-]{subsection.5.2}{\376\377\000I\000m\000p\000l\000e\000m\000e\000n\000t\000a\000z\000i\000o\000n\000e\000\040\000D\000a\000t\000a\000\040\000W\000e\000r\000a\000h\000o\000u\000s\000e}{section.5}% 18
\BOOKMARK [2][-]{subsection.5.3}{\376\377\000Q\000u\000a\000l\000i\000t\000\340\000\040\000e\000\040\000S\000i\000c\000u\000r\000e\000z\000z\000a}{section.5}% 19
\BOOKMARK [1][-]{section.6}{\376\377\000I\000l\000\040\000c\000i\000c\000l\000o\000\040\000d\000i\000\040\000v\000i\000t\000a\000\040\000d\000e\000l\000\040\000D\000a\000t\000a\000\040\000W\000a\000r\000e\000h\000o\000u\000s\000e}{}% 20
\BOOKMARK [2][-]{subsection.6.1}{\376\377\000P\000r\000o\000g\000e\000t\000t\000a\000z\000i\000o\000n\000e\000\040\000d\000e\000l\000\040\000d\000a\000t\000a\000\040\000m\000a\000r\000t}{section.6}% 21
\BOOKMARK [3][-]{subsubsection.6.1.1}{\376\377\000S\000u\000p\000p\000l\000y\000-\000D\000r\000i\000v\000e\000n}{subsection.6.1}% 22
\BOOKMARK [3][-]{subsubsection.6.1.2}{\376\377\000D\000e\000m\000a\000n\000d\000-\000D\000r\000i\000v\000e\000n}{subsection.6.1}% 23
\BOOKMARK [2][-]{subsection.6.2}{\376\377\000F\000a\000s\000i\000\040\000d\000i\000\040\000p\000r\000o\000g\000e\000t\000t\000a\000z\000i\000o\000n\000e\000\040\000d\000e\000l\000\040\000d\000a\000t\000a\000\040\000m\000a\000r\000t}{section.6}% 24
\BOOKMARK [3][-]{subsubsection.6.2.1}{\376\377\000A\000n\000a\000l\000i\000s\000i\000\040\000e\000\040\000r\000i\000c\000o\000n\000c\000i\000l\000i\000a\000z\000i\000o\000n\000e\000\040\000d\000e\000l\000l\000e\000\040\000s\000o\000r\000g\000e\000n\000t\000i}{subsection.6.2}% 25
\BOOKMARK [3][-]{subsubsection.6.2.2}{\376\377\000R\000i\000c\000o\000g\000n\000i\000z\000i\000o\000n\000e\000\040\000e\000\040\000N\000o\000r\000m\000a\000l\000i\000z\000z\000a\000z\000i\000o\000n\000e}{subsection.6.2}% 26
\BOOKMARK [3][-]{subsubsection.6.2.3}{\376\377\000A\000n\000a\000l\000i\000s\000i\000\040\000d\000e\000i\000\040\000r\000e\000q\000u\000i\000s\000i\000t\000i}{subsection.6.2}% 27
\BOOKMARK [3][-]{subsubsection.6.2.4}{\376\377\000I\000l\000\040\000c\000a\000r\000i\000c\000o\000\040\000d\000i\000\040\000l\000a\000v\000o\000r\000o}{subsection.6.2}% 28
\BOOKMARK [1][-]{section.7}{\376\377\000P\000r\000o\000g\000e\000t\000t\000a\000z\000i\000o\000n\000e\000\040\000C\000o\000n\000c\000e\000t\000t\000u\000a\000l\000e}{}% 29
\BOOKMARK [2][-]{subsection.7.1}{\376\377\000I\000\040\000c\000o\000s\000t\000r\000u\000t\000t\000i\000\040\000d\000i\000\040\000b\000a\000s\000e}{section.7}% 30
\BOOKMARK [2][-]{subsection.7.2}{\376\377\000I\000\040\000c\000o\000s\000t\000r\000u\000t\000t\000i\000\040\000a\000v\000a\000n\000z\000a\000t\000i}{section.7}% 31
\BOOKMARK [2][-]{subsection.7.3}{\376\377\000E\000d\000i\000t\000i\000n\000g\000\040\000d\000e\000l\000l\000'\000a\000l\000b\000e\000r\000o}{section.7}% 32
\BOOKMARK [2][-]{subsection.7.4}{\376\377\000S\000c\000e\000l\000t\000a\000\040\000d\000e\000l\000l\000e\000\040\000d\000i\000m\000e\000n\000s\000i\000o\000n\000i}{section.7}% 33
\BOOKMARK [2][-]{subsection.7.5}{\376\377\000S\000c\000e\000l\000t\000a\000\040\000d\000e\000l\000l\000e\000\040\000m\000i\000s\000u\000r\000e}{section.7}% 34
\BOOKMARK [2][-]{subsection.7.6}{\376\377\000C\000r\000e\000a\000z\000i\000o\000n\000e\000\040\000d\000e\000l\000l\000o\000\040\000s\000c\000h\000e\000m\000a\000\040\000d\000i\000\040\000f\000a\000t\000t\000o}{section.7}% 35
\BOOKMARK [2][-]{subsection.7.7}{\376\377\000C\000a\000r\000i\000c\000o\000\040\000d\000i\000\040\000l\000a\000v\000o\000r\000o\000\040\000e\000\040\000v\000o\000l\000u\000m\000e\000\040\000d\000a\000t\000i}{section.7}% 36
\BOOKMARK [1][-]{section.8}{\376\377\000P\000r\000o\000g\000e\000t\000t\000a\000z\000i\000o\000n\000e\000\040\000L\000o\000g\000i\000c\000a}{}% 37
\BOOKMARK [2][-]{subsection.8.1}{\376\377\000M\000o\000d\000e\000l\000l\000i\000\040\000l\000o\000g\000i\000c\000i\000\040\000p\000e\000r\000\040\000i\000l\000\040\000d\000a\000t\000a\000\040\000m\000a\000r\000t}{section.8}% 38
\BOOKMARK [2][-]{subsection.8.2}{\376\377\000L\000e\000\040\000v\000i\000s\000t\000e}{section.8}% 39
